0 info it worked if it ends with ok
1 verbose cli [ 'E:\\software\\develoment\\nodejs\\node.exe',
1 verbose cli   'E:\\software\\develoment\\nodejs\\node_modules\\npm\\bin\\npm-cli.js',
1 verbose cli   'install',
1 verbose cli   'angular-underscore-module' ]
2 info using npm@2.14.7
3 info using node@v4.2.2
4 verbose install initial load of F:\repository\boybin-n4\n4backend\public\package.json
5 verbose installManyTop reading scoped package data from F:\repository\boybin-n4\n4backend\public\node_modules\angular\package.json
6 verbose installManyTop reading scoped package data from F:\repository\boybin-n4\n4backend\public\node_modules\angular-filter\package.json
7 verbose installManyTop reading scoped package data from F:\repository\boybin-n4\n4backend\public\node_modules\angular-resource\package.json
8 verbose installManyTop reading scoped package data from F:\repository\boybin-n4\n4backend\public\node_modules\angular-route\package.json
9 verbose installManyTop reading scoped package data from F:\repository\boybin-n4\n4backend\public\node_modules\angular-sanitize\package.json
10 verbose installManyTop reading scoped package data from F:\repository\boybin-n4\n4backend\public\node_modules\angular-storage\package.json
11 verbose installManyTop reading scoped package data from F:\repository\boybin-n4\n4backend\public\node_modules\angular-ui-bootstrap\package.json
12 verbose installManyTop reading scoped package data from F:\repository\boybin-n4\n4backend\public\node_modules\angular-ui-router\package.json
13 verbose installManyTop reading scoped package data from F:\repository\boybin-n4\n4backend\public\node_modules\angular-xeditable\package.json
14 verbose installManyTop reading scoped package data from F:\repository\boybin-n4\n4backend\public\node_modules\angularPrint\package.json
15 verbose installManyTop reading scoped package data from F:\repository\boybin-n4\n4backend\public\node_modules\bootstrap\package.json
16 verbose installManyTop reading scoped package data from F:\repository\boybin-n4\n4backend\public\node_modules\head\package.json
17 verbose installManyTop reading scoped package data from F:\repository\boybin-n4\n4backend\public\node_modules\jquery\package.json
18 verbose installManyTop reading scoped package data from F:\repository\boybin-n4\n4backend\public\node_modules\normalize.css\package.json
19 verbose installManyTop reading scoped package data from F:\repository\boybin-n4\n4backend\public\node_modules\restangular\package.json
20 verbose installManyTop reading scoped package data from F:\repository\boybin-n4\n4backend\public\node_modules\satellizer\package.json
21 verbose installManyTop reading scoped package data from F:\repository\boybin-n4\n4backend\public\node_modules\ui-select\package.json
22 verbose installManyTop reading scoped package data from F:\repository\boybin-n4\n4backend\public\node_modules\underscore\package.json
23 info package.json jquery@1.11.3 No license field.
24 info package.json angular-storage@0.0.13 No license field.
25 info package.json angular-xeditable@0.0.1 No license field.
26 info package.json angular-ui-router@0.2.15 No license field.
27 verbose readDependencies loading dependencies from F:\repository\boybin-n4\n4backend\public\package.json
28 silly cache add args [ 'angular-underscore-module', null ]
29 verbose cache add spec angular-underscore-module
30 silly cache add parsed spec Result {
30 silly cache add   raw: 'angular-underscore-module',
30 silly cache add   scope: null,
30 silly cache add   name: 'angular-underscore-module',
30 silly cache add   rawSpec: '',
30 silly cache add   spec: '*',
30 silly cache add   type: 'range' }
31 silly addNamed angular-underscore-module@*
32 verbose addNamed "*" is a valid semver range for angular-underscore-module
33 silly addNameRange { name: 'angular-underscore-module', range: '*', hasData: false }
34 silly mapToRegistry name angular-underscore-module
35 silly mapToRegistry using default registry
36 silly mapToRegistry registry https://registry.npm.taobao.org/
37 silly mapToRegistry uri https://registry.npm.taobao.org/angular-underscore-module
38 verbose addNameRange registry:https://registry.npm.taobao.org/angular-underscore-module not in flight; fetching
39 verbose request uri https://registry.npm.taobao.org/angular-underscore-module
40 verbose request no auth needed
41 info attempt registry request try #1 at 6:57:19 PM
42 verbose request id aa65309ea8766b58
43 http request GET https://registry.npm.taobao.org/angular-underscore-module
44 http 404 https://registry.npm.taobao.org/angular-underscore-module
45 verbose headers { server: 'CouchDB/1.5.0 (Erlang OTP/R16B03)',
45 verbose headers   etag: '"BV03AWZ0C7JPROMOBMPRF7FD1"',
45 verbose headers   'content-type': 'application/json',
45 verbose headers   'cache-control': 'max-age=0',
45 verbose headers   'content-length': '436',
45 verbose headers   'accept-ranges': 'bytes',
45 verbose headers   date: 'Sat, 05 Dec 2015 10:57:20 GMT',
45 verbose headers   via: '1.1 varnish',
45 verbose headers   age: '0',
45 verbose headers   connection: 'close',
45 verbose headers   'x-served-by': 'cache-lcy1121-LCY',
45 verbose headers   'x-cache': 'MISS',
45 verbose headers   'x-cache-hits': '0',
45 verbose headers   'x-timer': 'S1449313040.363448,VS0,VE158',
45 verbose headers   vary: 'Accept' }
46 silly get cb [ 404,
46 silly get   { server: 'CouchDB/1.5.0 (Erlang OTP/R16B03)',
46 silly get     etag: '"BV03AWZ0C7JPROMOBMPRF7FD1"',
46 silly get     'content-type': 'application/json',
46 silly get     'cache-control': 'max-age=0',
46 silly get     'content-length': '436',
46 silly get     'accept-ranges': 'bytes',
46 silly get     date: 'Sat, 05 Dec 2015 10:57:20 GMT',
46 silly get     via: '1.1 varnish',
46 silly get     age: '0',
46 silly get     connection: 'close',
46 silly get     'x-served-by': 'cache-lcy1121-LCY',
46 silly get     'x-cache': 'MISS',
46 silly get     'x-cache-hits': '0',
46 silly get     'x-timer': 'S1449313040.363448,VS0,VE158',
46 silly get     vary: 'Accept' } ]
47 verbose stack Error: Registry returned 404 for GET on https://registry.npm.taobao.org/angular-underscore-module
47 verbose stack     at makeError (E:\software\develoment\nodejs\node_modules\npm\node_modules\npm-registry-client\lib\request.js:264:12)
47 verbose stack     at CachingRegistryClient.<anonymous> (E:\software\develoment\nodejs\node_modules\npm\node_modules\npm-registry-client\lib\request.js:242:14)
47 verbose stack     at Request._callback (E:\software\develoment\nodejs\node_modules\npm\node_modules\npm-registry-client\lib\request.js:172:14)
47 verbose stack     at Request.self.callback (E:\software\develoment\nodejs\node_modules\npm\node_modules\request\request.js:198:22)
47 verbose stack     at emitTwo (events.js:87:13)
47 verbose stack     at Request.emit (events.js:172:7)
47 verbose stack     at Request.<anonymous> (E:\software\develoment\nodejs\node_modules\npm\node_modules\request\request.js:1063:14)
47 verbose stack     at emitOne (events.js:82:20)
47 verbose stack     at Request.emit (events.js:169:7)
47 verbose stack     at IncomingMessage.<anonymous> (E:\software\develoment\nodejs\node_modules\npm\node_modules\request\request.js:1009:12)
48 verbose statusCode 404
49 verbose pkgid angular-underscore-module
50 verbose cwd F:\repository\boybin-n4\n4backend\public
51 error Windows_NT 6.1.7601
52 error argv "E:\\software\\develoment\\nodejs\\node.exe" "E:\\software\\develoment\\nodejs\\node_modules\\npm\\bin\\npm-cli.js" "install" "angular-underscore-module"
53 error node v4.2.2
54 error npm  v2.14.7
55 error code E404
56 error 404 Registry returned 404 for GET on https://registry.npm.taobao.org/angular-underscore-module
56 error 404
56 error 404 'angular-underscore-module' is not in the npm registry.
56 error 404 You should bug the author to publish it (or use the name yourself!)
56 error 404
56 error 404 Note that you can also install from a
56 error 404 tarball, folder, http url, or git url.
57 verbose exit [ 1, true ]
